<?xml version="1.0" encoding="UTF-8"?>
<!-- Generated by org.testng.reporters.JUnitReportReporter -->
<testsuite skipped="0" hostname="PRIYANKA" name="com.selenium.Testcase1" tests="3" failures="0" timestamp="2022-02-02T17:37:53 IST" time="41.996" errors="0">
  <testcase name="Test1" time="23.586" classname="com.selenium.Testcase1"/>
  <system-out/>
  <testcase name="Test3" time="8.867" classname="com.selenium.Testcase1"/>
  <system-out/>
  <testcase name="Test2" time="9.543" classname="com.selenium.Testcase1"/>
  <system-out/>
</testsuite> <!-- com.selenium.Testcase1 -->
