<?xml version="1.0" encoding="UTF-8"?>
<!-- Generated by org.testng.reporters.JUnitReportReporter -->
<testsuite skipped="0" hostname="PRIYANKA" name="com.selenium.Draganddropex1" tests="1" failures="0" timestamp="2022-02-02T20:47:49 IST" time="40.400" errors="0">
  <testcase name="DragnDrop" time="40.400" classname="com.selenium.Draganddropex1"/>
  <system-out/>
</testsuite> <!-- com.selenium.Draganddropex1 -->
