<?xml version="1.0" encoding="UTF-8"?>
<!-- Generated by org.testng.reporters.JUnitReportReporter -->
<testsuite skipped="3" hostname="PRIYANKA" name="com.selenium.project4.TestCase1" tests="3" failures="0" timestamp="2022-02-17T20:04:15 IST" time="0.000" errors="0">
  <testcase name="TestCaseDataProvider" time="0.000" classname="com.selenium.project4.TestCase1">
    <skipped/>
  </testcase> <!-- TestCaseDataProvider -->
  <system-out/>
  <testcase name="TestCase1" time="0.000" classname="com.selenium.project4.TestCase1">
    <skipped/>
  </testcase> <!-- TestCase1 -->
  <system-out/>
  <testcase name="Case2" time="0.000" classname="com.selenium.project4.TestCase1">
    <skipped/>
  </testcase> <!-- Case2 -->
  <system-out/>
</testsuite> <!-- com.selenium.project4.TestCase1 -->
